
WARNING: apt does not have a stable CLI interface. Use with caution in scripts.

Hit:1 http://security.debian.org/debian-security bullseye-security InRelease
Hit:2 http://deb.debian.org/debian bullseye InRelease
Get:3 http://deb.debian.org/debian bullseye-updates InRelease [44.1 kB]
Get:4 http://deb.debian.org/debian bullseye-backports InRelease [49.0 kB]
Hit:5 https://repos.insights.digitalocean.com/apt/do-agent main InRelease
Hit:6 https://repos-droplet.digitalocean.com/apt/droplet-agent main InRelease
Get:7 http://deb.debian.org/debian bullseye-backports/main Sources.diff/Index [63.3 kB]
Get:8 http://deb.debian.org/debian bullseye-backports/main Sources T-2023-05-20-2002.59-F-2023-05-20-2002.59.pdiff [740 B]
Get:8 http://deb.debian.org/debian bullseye-backports/main Sources T-2023-05-20-2002.59-F-2023-05-20-2002.59.pdiff [740 B]
Fetched 157 kB in 1s (277 kB/s)
Reading package lists...
Building dependency tree...
Reading state information...
78 packages can be upgraded. Run 'apt list --upgradable' to see them.

WARNING: apt does not have a stable CLI interface. Use with caution in scripts.

Reading package lists...
Building dependency tree...
Reading state information...
The following packages will be upgraded:
  sudo
1 upgraded, 0 newly installed, 0 to remove and 77 not upgraded.
Need to get 1061 kB of archives.
After this operation, 0 B of additional disk space will be used.
Get:1 http://deb.debian.org/debian bullseye/main amd64 sudo amd64 1.9.5p2-3+deb11u1 [1061 kB]
apt-listchanges: Reading changelogs...
Fetched 1061 kB in 0s (54.8 MB/s)
(Reading database ... 
(Reading database ... 5%
(Reading database ... 10%
(Reading database ... 15%
(Reading database ... 20%
(Reading database ... 25%
(Reading database ... 30%
(Reading database ... 35%
(Reading database ... 40%
(Reading database ... 45%
(Reading database ... 50%
(Reading database ... 55%
(Reading database ... 60%
(Reading database ... 65%
(Reading database ... 70%
(Reading database ... 75%
(Reading database ... 80%
(Reading database ... 85%
(Reading database ... 90%
(Reading database ... 95%
(Reading database ... 100%
(Reading database ... 25065 files and directories currently installed.)
Preparing to unpack .../sudo_1.9.5p2-3+deb11u1_amd64.deb ...
Unpacking sudo (1.9.5p2-3+deb11u1) over (1.9.5p2-3) ...
Setting up sudo (1.9.5p2-3+deb11u1) ...
Processing triggers for man-db (2.9.4-2) ...
E: Command line option --no_install_recommends is not understood in combination with the other options

WARNING: apt does not have a stable CLI interface. Use with caution in scripts.

Reading package lists...
Building dependency tree...
Reading state information...
curl is already the newest version (7.74.0-1.3+deb11u7).
wget is already the newest version (1.21-1+deb11u1).
wget set to manually installed.
The following additional packages will be installed:
  git-man liberror-perl libgdbm-compat4 libperl5.32 patch perl
  perl-modules-5.32
Suggested packages:
  git-daemon-run | git-daemon-sysvinit git-doc git-el git-email git-gui gitk
  gitweb git-cvs git-mediawiki git-svn ed diffutils-doc perl-doc
  libterm-readline-gnu-perl | libterm-readline-perl-perl make
  libtap-harness-archive-perl
The following NEW packages will be installed:
  git git-man liberror-perl libgdbm-compat4 libperl5.32 patch perl
  perl-modules-5.32
0 upgraded, 8 newly installed, 0 to remove and 77 not upgraded.
Need to get 14.8 MB of archives.
After this operation, 85.4 MB of additional disk space will be used.
Get:1 http://deb.debian.org/debian bullseye/main amd64 perl-modules-5.32 all 5.32.1-4+deb11u2 [2823 kB]
Get:2 http://deb.debian.org/debian bullseye/main amd64 libgdbm-compat4 amd64 1.19-2 [44.7 kB]
Get:3 http://deb.debian.org/debian bullseye/main amd64 libperl5.32 amd64 5.32.1-4+deb11u2 [4106 kB]
Get:4 http://deb.debian.org/debian bullseye/main amd64 perl amd64 5.32.1-4+deb11u2 [293 kB]
Get:5 http://deb.debian.org/debian bullseye/main amd64 liberror-perl all 0.17029-1 [31.0 kB]
Get:6 http://deb.debian.org/debian bullseye/main amd64 git-man all 1:2.30.2-1+deb11u2 [1828 kB]
Get:7 http://deb.debian.org/debian bullseye/main amd64 git amd64 1:2.30.2-1+deb11u2 [5518 kB]
Get:8 http://deb.debian.org/debian bullseye/main amd64 patch amd64 2.7.6-7 [128 kB]
Fetched 14.8 MB in 0s (115 MB/s)
Selecting previously unselected package perl-modules-5.32.
(Reading database ... 
(Reading database ... 5%
(Reading database ... 10%
(Reading database ... 15%
(Reading database ... 20%
(Reading database ... 25%
(Reading database ... 30%
(Reading database ... 35%
(Reading database ... 40%
(Reading database ... 45%
(Reading database ... 50%
(Reading database ... 55%
(Reading database ... 60%
(Reading database ... 65%
(Reading database ... 70%
(Reading database ... 75%
(Reading database ... 80%
(Reading database ... 85%
(Reading database ... 90%
(Reading database ... 95%
(Reading database ... 100%
(Reading database ... 25065 files and directories currently installed.)
Preparing to unpack .../0-perl-modules-5.32_5.32.1-4+deb11u2_all.deb ...
Unpacking perl-modules-5.32 (5.32.1-4+deb11u2) ...
Selecting previously unselected package libgdbm-compat4:amd64.
Preparing to unp---- $menu_number../1-libgdbm-compat4_1.19-2_amd64.deb ...
Unpacking libgdbm-compat4:amd64 (1.19-2) ...
Selecting previously unselected package libperl5.32:amd64.
Preparing to unpack .../2-libperl5.32_5.32.1-4+deb11u2_amd64.deb ...
Unpacking libperl5.32:amd64 (5.32.1-4+deb11u2) ...
Selecting previously unselected package perl.
Preparing to unpack .../3-perl_5.32.1-4+deb11u2_amd64.deb ...
Unpacking perl (5.32.1-4+deb11u2) ...
Selecting previously unselected package liberror-perl.
Preparing to unpack .../4-liberror-perl_0.17029-1_all.deb ...
Unpacking liberr---- $menu_number.l (0.17029-1) ...
Selecting previously unselected package git-man.
Preparing to unpack .../5-git-man_1%3a2.30.2-1+deb11u2_all.deb ...
Unpacking git-man (1:2.30.2-1+deb11u2) ...
Selecting previously unselected package git.
Preparing to unpack .../6-git_1%3a2.30.2-1+deb11u2_amd64.deb ...
Unpacking git (1:2.30.2-1+deb11u2) ...
Selecting previo---- $menu_number.nselected package patch.
Preparing to unpack .../7-patch_2.7.6-7_amd64.deb ...
Unpacking patch (2.7.6-7) ...
Setting up perl----- $menu_number.s-5.32 (5.32.1-4+deb11u2) ...
Setting up patch (2.7.6-7) ...
Setting up libgdbm-compat4:amd64 (1.19-2) ...
Setting up libperl5.32:amd64 (5.32.1-4+deb11u2) ...
Setting up git-man (1:2.30.2-1+deb11u2) ...
Setting up perl (5.32.1-4+deb11u2) ...
Setting up liberror-perl (0.17029-1) ...
Setting up git (1:2.30.2-1+deb11u2) ...
Processing triggers for man-db (2.9.4-2) ...
Processing triggers for libc-bin (2.31-13+deb11u2) ...
# Executing docker install script, commit: c2de0811708b6d9015ed1a2c80f02c9b70c8ce7b
+ sh -c apt-get update -qq >/dev/null
+ sh -c DEBIAN_FRONTEND=noninteractive apt-get install -y -qq apt-transport-https ca-certificates curl >/dev/null
+ sh -c install -m 0755 -d /etc/apt/keyrings
+ sh -c curl -fsSL "https://download.docker.com/linux/debian/gpg" | gpg --dearmor --yes -o /etc/apt/keyrings/docker.gpg
+ sh -c chmod a+r /etc/apt/keyrings/docker.gpg
+ sh -c echo "deb [arch=amd64 signed-by=/etc/apt/keyrings/docker.gpg] https://download.docker.com/linux/debian bullseye stable" > /etc/apt/sources.list.d/docker.list
+ sh -c apt-get update -qq >/dev/null
+ sh -c DEBIAN_FRONTEND=noninteractive apt-get install -y -qq docker-ce docker-ce-cli containerd.io docker-compose-plugin docker-ce-rootless-extras docker-buildx-plugin >/dev/null
+ sh -c docker version
Client: Docker Engine - Community
 Version:           24.0.1
 API version:       1.43
 Go version:        go1.20.4
 Git commit:        6802122
 Built:             Fri May 19 18:06:34 2023
 OS/Arch:           linux/amd64
 Context:           default

Server: Docker Engine - Community
 Engine:
  Version:          24.0.1
  API version:      1.43 (minimum version 1.12)
  Go version:       go1.20.4
  Git commit:       463850e
  Built:            Fri May 19 18:06:34 2023
  OS/Arch:          linux/amd64
  Experimental:     false
 containerd:
  Version:          1.6.21
  GitCommit:        3dce8eb055cbb6872793272b4f20ed16117344f8
 runc:
  Version:          1.1.7
  GitCommit:        v1.1.7-0-g860f061
 docker-init:
  Version:          0.19.0
  GitCommit:        de40ad0

================================================================================

To run Docker as a non-privileged user, consider setting up the
Docker daemon in rootless mode for your user:

    dockerd-rootless-setuptool.sh install

Visit https://docs.docker.com/go/rootless/ to learn about rootless mode.


To run the Docker daemon as a fully privileged service, but granting non-root
users access, refer to https://docs.docker.com/go/daemon-access/

WARNING: Access to the remote API on a privileged Docker daemon is equivalent
         to root access on the host. Refer to the 'Docker daemon attack surface'
         documentation for details: https://docs.docker.com/go/attack-surface/

================================================================================

